2020-06-29_23:25:58
Input file does not exist for 268K simulation
Input file does not exist for 269K simulation
Input file does not exist for 270K simulation
Input file does not exist for 271K simulation
Input file does not exist for 272K simulation
Input file does not exist for 273K simulation
Input file does not exist for 274K simulation
Input file does not exist for 275K simulation
Data file was not created for 268K simulation
Data file was not created for 269K simulation
Data file was not created for 270K simulation
Data file was not created for 271K simulation
Data file was not created for 272K simulation
Data file was not created for 273K simulation
Data file was not created for 274K simulation
Data file was not created for 275K simulation
2020-06-29_23:27:57
268K input file found: Ready to copy 268K data
269K input file found: Ready to copy 269K data
270K input file found: Ready to copy 270K data
271K input file found: Ready to copy 271K data
272K input file found: Ready to copy 272K data
273K input file found: Ready to copy 273K data
274K input file found: Ready to copy 274K data
275K input file found: Ready to copy 275K data
268K input file found: Ready to remove 268K data
269K input file found: Ready to remove 269K data
270K input file found: Ready to remove 270K data
271K input file found: Ready to remove 271K data
272K input file found: Ready to remove 272K data
273K input file found: Ready to remove 273K data
274K input file found: Ready to remove 274K data
275K input file found: Ready to remove 275K data
